<?xml version="1.0" encoding="UTF-8"?>
<!-- Generated by org.testng.reporters.JUnitXMLReporter -->
<testsuite ignored="0" hostname="Anish" failures="0" tests="14" name="Test" time="1586.543" errors="0" timestamp="2024-02-08T20:50:30 IST">
  <testcase classname="stcTwo.TC_13_Dashboard_Usage_Subscription_Recharge_PayBill" name="sc_Dashboard_Usage_Subscription_Recharge_PayBill" time="139.091"/>
  <testcase classname="stcTwo.TC_14_Dashboard_Manage_Subscription_PayBill" name="sc_Dashboard_Manage_Subscription_PayBill" time="154.798"/>
  <testcase classname="stcTwo.TC_15_Dashboard_PayAdvance" name="sc_Dashboard_PayAdvance" time="98.224"/>
  <testcase classname="stc.TC_01_HomePageVerify" name="sc_HomePageVerify" time="37.382"/>
  <testcase classname="stc.TC_02_quickPay" name="sc_QuickPayScenario" time="42.426"/>
  <testcase classname="stc.TC_03_Recharge" name="sc_RechargeScenario" time="48.349"/>
  <testcase classname="stc.TC_04_MultiPayment" name="sc_MultiplePaymentScenario" time="160.276"/>
  <testcase classname="stc.TC_05_quickPay_Multiple_Line_Postpaid" name="sc_quickPay_Multiple_Line_Postpaid_Scenario" time="88.991"/>
  <testcase classname="stcTwo.TC_11_AlreadyLoginScenario" name="sc_AlreadyLoginScenario" time="98.799"/>
  <testcase classname="stcTwo.TC_11_AlreadyLoginScenario" name="sc_AlreadyLoginInValidOTPScenario" time="12.533"/>
  <testcase classname="stcTwo.TC_16_Get_new_line_mobile_prepaid_civil_id" name="sc_GetNewLineMobilePrepaid" time="104.836"/>
  <testcase classname="stc.TC_06_Banners" name="sc_BannerVerify" time="47.652"/>
  <testcase classname="stc.TC_07_NewsStore" name="sc_NewsAndStoreVerify" time="51.276"/>
  <testcase classname="stcTwo.TC_12_Dashboard_Your_Usage" name="sc_Dashboard_Your_Usage" time="276.56"/>
</testsuite> <!-- Test -->
