<?xml version="1.0" encoding="UTF-8"?>
<!-- Generated by org.testng.reporters.JUnitXMLReporter -->
<testsuite ignored="0" hostname="Anish" failures="0" tests="10" name="Test" time="922.111" errors="0" timestamp="2024-02-06T20:23:21 IST">
  <testcase classname="stc.TC_01_HomePageVerify" name="sc_HomePageVerify" time="34.168"/>
  <testcase classname="stc.TC_02_quickPay" name="sc_QuickPayScenario" time="40.924"/>
  <testcase classname="stc.TC_03_Recharge" name="sc_RechargeScenario" time="47.898"/>
  <testcase classname="stc.TC_04_MultiPayment" name="sc_MultiplePaymentScenario" time="156.992"/>
  <testcase classname="stc.TC_05_quickPay_Multiple_Line_Postpaid" name="sc_quickPay_Multiple_Line_Postpaid_Scenario" time="88.787"/>
  <testcase classname="stc.TC_06_Banners" name="sc_BannerVerify" time="47.989"/>
  <testcase classname="stc.TC_07_NewsStore" name="sc_NewsAndStoreVerify" time="51.04"/>
  <testcase classname="stcTwo.TC_11_AlreadyLoginScenario" name="sc_AlreadyLoginScenario" time="109.631"/>
  <testcase classname="stcTwo.TC_11_AlreadyLoginScenario" name="sc_AlreadyLoginInValidOTPScenario" time="12.647"/>
  <testcase classname="stcTwo.TC_12_DashboardScenario" name="sc_DashboardScenarioVerifyScenario" time="201.227"/>
</testsuite> <!-- Test -->
